0 info it worked if it ends with ok
1 verbose cli [ '/usr/local/Cellar/node/6.9.1/bin/node',
1 verbose cli   '/usr/local/bin/npm',
1 verbose cli   'start' ]
2 info using npm@3.10.8
3 info using node@v6.9.1
4 verbose run-script [ 'prestart', 'start', 'poststart' ]
5 info lifecycle kepler@1.0.0~prestart: kepler@1.0.0
6 silly lifecycle kepler@1.0.0~prestart: no script for prestart, continuing
7 info lifecycle kepler@1.0.0~start: kepler@1.0.0
8 verbose lifecycle kepler@1.0.0~start: unsafe-perm in lifecycle true
9 verbose lifecycle kepler@1.0.0~start: PATH: /usr/local/lib/node_modules/npm/bin/node-gyp-bin:/Users/ceo/Desktop/Programming/spaceship-endurance-game/node_modules/.bin:/usr/local/Cellar/node/6.9.1/bin:/Library/Java/apache-maven-3.3.9/bin:/usr/local/sbin:/Library/Frameworks/Python.framework/Versions/2.7/bin:/Library/Frameworks/Python.framework/Versions/3.4/bin:/usr/local/heroku/bin:/Users/ceo/.rbenv/shims:/Users/ceo/.rbenv/shims:/Users/ceo/.rbenv/shims:/usr/local/bin:/usr/bin:/bin:/usr/sbin:/sbin:/usr/local/mysql/bin
10 verbose lifecycle kepler@1.0.0~start: CWD: /Users/ceo/Desktop/Programming/spaceship-endurance-game
11 silly lifecycle kepler@1.0.0~start: Args: [ '-c', 'node app.js' ]
12 silly lifecycle kepler@1.0.0~start: Returned: code: 1  signal: null
13 info lifecycle kepler@1.0.0~start: Failed to exec start script
14 verbose stack Error: kepler@1.0.0 start: `node app.js`
14 verbose stack Exit status 1
14 verbose stack     at EventEmitter.<anonymous> (/usr/local/lib/node_modules/npm/lib/utils/lifecycle.js:255:16)
14 verbose stack     at emitTwo (events.js:106:13)
14 verbose stack     at EventEmitter.emit (events.js:191:7)
14 verbose stack     at ChildProcess.<anonymous> (/usr/local/lib/node_modules/npm/lib/utils/spawn.js:40:14)
14 verbose stack     at emitTwo (events.js:106:13)
14 verbose stack     at ChildProcess.emit (events.js:191:7)
14 verbose stack     at maybeClose (internal/child_process.js:877:16)
14 verbose stack     at Process.ChildProcess._handle.onexit (internal/child_process.js:226:5)
15 verbose pkgid kepler@1.0.0
16 verbose cwd /Users/ceo/Desktop/Programming/spaceship-endurance-game
17 error Darwin 16.3.0
18 error argv "/usr/local/Cellar/node/6.9.1/bin/node" "/usr/local/bin/npm" "start"
19 error node v6.9.1
20 error npm  v3.10.8
21 error code ELIFECYCLE
22 error kepler@1.0.0 start: `node app.js`
22 error Exit status 1
23 error Failed at the kepler@1.0.0 start script 'node app.js'.
23 error Make sure you have the latest version of node.js and npm installed.
23 error If you do, this is most likely a problem with the kepler package,
23 error not with npm itself.
23 error Tell the author that this fails on your system:
23 error     node app.js
23 error You can get information on how to open an issue for this project with:
23 error     npm bugs kepler
23 error Or if that isn't available, you can get their info via:
23 error     npm owner ls kepler
23 error There is likely additional logging output above.
24 verbose exit [ 1, true ]
